../../../../Asm/x86/Sha1Opt.asm(244) : error A2071: initializer too large for specified size
 MY_sha1rnds4(1)[Sha1Opt.asm]: Macro called from
  RND4(2)[Sha1Opt.asm]: Macro called from
   MacroLoop(1): iteration 2: Macro called from
    ../../../../Asm/x86/Sha1Opt.asm(244): Main line code
../../../../Asm/x86/Sha1Opt.asm(244) : error A2071: initializer too large for specified size
 MY_sha1rnds4(1)[Sha1Opt.asm]: Macro called from
  RND4(2)[Sha1Opt.asm]: Macro called from
   MacroLoop(1): iteration 3: Macro called from
    ../../../../Asm/x86/Sha1Opt.asm(244): Main line code
../../../../Asm/x86/Sha1Opt.asm(244) : error A2071: initializer too large for specified size
 MY_sha1rnds4(1)[Sha1Opt.asm]: Macro called from
  RND4(2)[Sha1Opt.asm]: Macro called from
   MacroLoop(1): iteration 4: Macro called from
    ../../../../Asm/x86/Sha1Opt.asm(244): Main line code
../../../../Asm/x86/Sha1Opt.asm(244) : error A2071: initializer too large for specified size
 MY_sha1rnds4(1)[Sha1Opt.asm]: Macro called from
  RND4(2)[Sha1Opt.asm]: Macro called from
   MacroLoop(1): iteration 5: Macro called from
    ../../../../Asm/x86/Sha1Opt.asm(244): Main line code
../../../../Asm/x86/Sha1Opt.asm(244) : error A2071: initializer too large for specified size
 MY_sha1rnds4(1)[Sha1Opt.asm]: Macro called from
  RND4(2)[Sha1Opt.asm]: Macro called from
   MacroLoop(1): iteration 6: Macro called from
    ../../../../Asm/x86/Sha1Opt.asm(244): Main line code
../../../../Asm/x86/Sha1Opt.asm(244) : error A2071: initializer too large for specified size
 MY_sha1rnds4(1)[Sha1Opt.asm]: Macro called from
  RND4(2)[Sha1Opt.asm]: Macro called from
   MacroLoop(1): iteration 7: Macro called from
    ../../../../Asm/x86/Sha1Opt.asm(244): Main line code
../../../../Asm/x86/Sha1Opt.asm(244) : error A2071: initializer too large for specified size
 MY_sha1rnds4(1)[Sha1Opt.asm]: Macro called from
  RND4(2)[Sha1Opt.asm]: Macro called from
   MacroLoop(1): iteration 8: Macro called from
    ../../../../Asm/x86/Sha1Opt.asm(244): Main line code
../../../../Asm/x86/Sha1Opt.asm(244) : error A2071: initializer too large for specified size
 MY_sha1rnds4(1)[Sha1Opt.asm]: Macro called from
  RND4(2)[Sha1Opt.asm]: Macro called from
   MacroLoop(1): iteration 9: Macro called from
    ../../../../Asm/x86/Sha1Opt.asm(244): Main line code
../../../../Asm/x86/Sha1Opt.asm(244) : error A2071: initializer too large for specified size
 MY_sha1rnds4(1)[Sha1Opt.asm]: Macro called from
  RND4(2)[Sha1Opt.asm]: Macro called from
   MacroLoop(1): iteration 10: Macro called from
    ../../../../Asm/x86/Sha1Opt.asm(244): Main line code
../../../../Asm/x86/Sha1Opt.asm(244) : error A2071: initializer too large for specified size
 MY_sha1rnds4(1)[Sha1Opt.asm]: Macro called from
  RND4(2)[Sha1Opt.asm]: Macro called from
   MacroLoop(1): iteration 11: Macro called from
    ../../../../Asm/x86/Sha1Opt.asm(244): Main line code
../../../../Asm/x86/Sha1Opt.asm(244) : error A2071: initializer too large for specified size
 MY_sha1rnds4(1)[Sha1Opt.asm]: Macro called from
  RND4(2)[Sha1Opt.asm]: Macro called from
   MacroLoop(1): iteration 12: Macro called from
    ../../../../Asm/x86/Sha1Opt.asm(244): Main line code
../../../../Asm/x86/Sha1Opt.asm(244) : error A2071: initializer too large for specified size
 MY_sha1rnds4(1)[Sha1Opt.asm]: Macro called from
  RND4(2)[Sha1Opt.asm]: Macro called from
   MacroLoop(1): iteration 13: Macro called from
    ../../../../Asm/x86/Sha1Opt.asm(244): Main line code
../../../../Asm/x86/Sha1Opt.asm(244) : error A2071: initializer too large for specified size
 MY_sha1rnds4(1)[Sha1Opt.asm]: Macro called from
  RND4(2)[Sha1Opt.asm]: Macro called from
   MacroLoop(1): iteration 14: Macro called from
    ../../../../Asm/x86/Sha1Opt.asm(244): Main line code
../../../../Asm/x86/Sha1Opt.asm(244) : error A2071: initializer too large for specified size
 MY_sha1rnds4(1)[Sha1Opt.asm]: Macro called from
  RND4(2)[Sha1Opt.asm]: Macro called from
   MacroLoop(1): iteration 15: Macro called from
    ../../../../Asm/x86/Sha1Opt.asm(244): Main line code
../../../../Asm/x86/Sha1Opt.asm(244) : error A2071: initializer too large for specified size
 MY_sha1rnds4(1)[Sha1Opt.asm]: Macro called from
  RND4(2)[Sha1Opt.asm]: Macro called from
   MacroLoop(1): iteration 16: Macro called from
    ../../../../Asm/x86/Sha1Opt.asm(244): Main line code
../../../../Asm/x86/Sha1Opt.asm(244) : error A2071: initializer too large for specified size
 MY_sha1rnds4(1)[Sha1Opt.asm]: Macro called from
  RND4(2)[Sha1Opt.asm]: Macro called from
   MacroLoop(1): iteration 17: Macro called from
    ../../../../Asm/x86/Sha1Opt.asm(244): Main line code
../../../../Asm/x86/Sha1Opt.asm(244) : error A2071: initializer too large for specified size
 MY_sha1rnds4(1)[Sha1Opt.asm]: Macro called from
  RND4(2)[Sha1Opt.asm]: Macro called from
   MacroLoop(1): iteration 18: Macro called from
    ../../../../Asm/x86/Sha1Opt.asm(244): Main line code
../../../../Asm/x86/Sha1Opt.asm(244) : error A2071: initializer too large for specified size
 MY_sha1rnds4(1)[Sha1Opt.asm]: Macro called from
  RND4(2)[Sha1Opt.asm]: Macro called from
   MacroLoop(1): iteration 19: Macro called from
    ../../../../Asm/x86/Sha1Opt.asm(244): Main line code
../../../../Asm/x86/Sha1Opt.asm(244) : error A2071: initializer too large for specified size
 MY_sha1rnds4(1)[Sha1Opt.asm]: Macro called from
  RND4(2)[Sha1Opt.asm]: Macro called from
   MacroLoop(1): iteration 20: Macro called from
    ../../../../Asm/x86/Sha1Opt.asm(244): Main line code
